<?xml version="1.0" encoding="UTF-8"?>
<testsuites name="login and notifikasi" time="68.469" tests="4" failures="0" errors="0">
   <testsuite name="login and notifikasi" tests="4" failures="0" errors="0" time="68.469" timestamp="2020-09-07 00:21:49" hostname="mbpretina-2014 - apples-mbp" id="Test Suites/evermos-web-suite/login and notifikasi">
      <properties>
         <property name="deviceName" value=""/>
         <property name="devicePlatform" value=""/>
         <property name="logFolder" value="/Users/mbpretina-2014/Documents/Evermoss-Test/evermoss-automation-test/Reports/20200907_002136/evermos-web-suite/login and notifikasi/20200907_002136"/>
         <property name="logFiles" value="/Users/mbpretina-2014/Documents/Evermoss-Test/evermoss-automation-test/Reports/20200907_002136/evermos-web-suite/login and notifikasi/20200907_002136/execution0.log"/>
         <property name="attachments" value=""/>
         <property name="hostName" value="mbpretina-2014 - apples-mbp"/>
         <property name="os" value="Mac OS X 64bit"/>
         <property name="katalonVersion" value="7.6.6.205"/>
         <property name="browser" value="Chrome 77.0.3865.90"/>
         <property name="hostAddress" value="192.168.43.161"/>
         <property name="sessionId" value="c0e32a6d278bdb6dfafdeec6e6023aec"/>
         <property name="seleniumVersion" value="3.141.59"/>
         <property name="proxyInformation" value="ProxyInformation { proxyOption=NO_PROXY, proxyServerType=HTTP, username=, password=********, proxyServerAddress=, proxyServerPort=0, executionList=&quot;&quot;, isApplyToDesiredCapabilities=true }"/>
         <property name="platform" value="Mac OS X"/>
      </properties>
      <testcase name="Test Cases/evermoss-web/main case/open-browser" time="19.147" classname="Test Cases/evermoss-web/main case/open-browser" status="PASSED">
         <system-out><![CDATA[2020-09-07 00:21:49 - [TEST_CASE][PASSED] - Test Cases/evermoss-web/main case/open-browser: Test Cases/evermoss-web/main case/open-browser

2020-09-07 00:21:50 - [TEST_STEP][PASSED] - openBrowser(EvermosUrl): Browser is opened with url: 'https://evermos.com/'

2020-09-07 00:21:51 - [MESSAGE][INFO] - Starting 'Chrome' driver

2020-09-07 00:21:51 - [MESSAGE][INFO] - Action delay is set to 0 milliseconds

2020-09-07 00:22:08 - [MESSAGE][PASSED] - Browser is opened with url: 'https://evermos.com/'

2020-09-07 00:22:08 - [TEST_STEP][PASSED] - maximizeWindow(): Current window maximized

2020-09-07 00:22:09 - [MESSAGE][PASSED] - Current window maximized]]></system-out>
         <system-err><![CDATA[]]></system-err>
      </testcase>
      <testcase name="Test Cases/evermoss-web/login-evermos-success-case" time="37.885" classname="Test Cases/evermoss-web/login-evermos-success-case" status="PASSED">
         <system-out><![CDATA[2020-09-07 00:22:09 - [TEST_CASE][PASSED] - Test Cases/evermoss-web/login-evermos-success-case: Test Cases/evermoss-web/login-evermos-success-case

2020-09-07 00:22:09 - [TEST_STEP][PASSED] - verifyElementPresent(findTestObject("evermoss-web-object/Home page/landing-page-text"), 0): Object 'Object Repository/evermoss-web-object/Home page/landing-page-text' is present

2020-09-07 00:22:09 - [MESSAGE][WARNING] - Timeout '0' is invalid. Using default page load timeout: '30'

2020-09-07 00:22:11 - [MESSAGE][PASSED] - Object 'Object Repository/evermoss-web-object/Home page/landing-page-text' is present

2020-09-07 00:22:11 - [TEST_STEP][PASSED] - click(findTestObject("evermoss-web-object/Home page/button-masuk")): Object: 'Object Repository/evermoss-web-object/Home page/button-masuk' is clicked on

2020-09-07 00:22:12 - [MESSAGE][PASSED] - Object: 'Object Repository/evermoss-web-object/Home page/button-masuk' is clicked on

2020-09-07 00:22:12 - [TEST_STEP][PASSED] - verifyElementPresent(findTestObject("evermoss-web-object/Login Page/ayo-masuk-text"), 0): Object 'Object Repository/evermoss-web-object/Login Page/ayo-masuk-text' is present

2020-09-07 00:22:13 - [MESSAGE][WARNING] - Timeout '0' is invalid. Using default page load timeout: '30'

2020-09-07 00:22:13 - [MESSAGE][PASSED] - Object 'Object Repository/evermoss-web-object/Login Page/ayo-masuk-text' is present

2020-09-07 00:22:13 - [TEST_STEP][PASSED] - click(findTestObject("evermoss-web-object/Login Page/label-no-tlp")): Object: 'Object Repository/evermoss-web-object/Login Page/label-no-tlp' is clicked on

2020-09-07 00:22:14 - [MESSAGE][PASSED] - Object: 'Object Repository/evermoss-web-object/Login Page/label-no-tlp' is clicked on

2020-09-07 00:22:14 - [TEST_STEP][PASSED] - sendKeys(findTestObject("evermoss-web-object/Login Page/number-telepon"), EvermosPhoneNumber): Keys '12233344445555' sent to object: 'Object Repository/evermoss-web-object/Login Page/number-telepon'

2020-09-07 00:22:14 - [MESSAGE][PASSED] - Keys '12233344445555' sent to object: 'Object Repository/evermoss-web-object/Login Page/number-telepon'

2020-09-07 00:22:14 - [TEST_STEP][PASSED] - click(findTestObject("evermoss-web-object/Login Page/label-kata-sandi")): Object: 'Object Repository/evermoss-web-object/Login Page/label-kata-sandi' is clicked on

2020-09-07 00:22:15 - [MESSAGE][PASSED] - Object: 'Object Repository/evermoss-web-object/Login Page/label-kata-sandi' is clicked on

2020-09-07 00:22:15 - [TEST_STEP][PASSED] - sendKeys(findTestObject("evermoss-web-object/Login Page/kata-sandi"), EvermosPassword): Keys 'password' sent to object: 'Object Repository/evermoss-web-object/Login Page/kata-sandi'

2020-09-07 00:22:15 - [MESSAGE][PASSED] - Keys 'password' sent to object: 'Object Repository/evermoss-web-object/Login Page/kata-sandi'

2020-09-07 00:22:15 - [TEST_STEP][PASSED] - click(findTestObject("evermoss-web-object/Login Page/button-masuk")): Object: 'Object Repository/evermoss-web-object/Login Page/button-masuk' is clicked on

2020-09-07 00:22:16 - [MESSAGE][PASSED] - Object: 'Object Repository/evermoss-web-object/Login Page/button-masuk' is clicked on

2020-09-07 00:22:16 - [TEST_STEP][PASSED] - click(findTestObject("evermoss-web-object/Evermos - Katalog/offering Mau button")): Object: 'Object Repository/evermoss-web-object/Evermos - Katalog/offering Mau button' is clicked on

2020-09-07 00:22:46 - [MESSAGE][PASSED] - Object: 'Object Repository/evermoss-web-object/Evermos - Katalog/offering Mau button' is clicked on]]></system-out>
         <system-err><![CDATA[]]></system-err>
      </testcase>
      <testcase name="Test Cases/evermoss-web/open-notifikasi-menu-success" time="10.328" classname="Test Cases/evermoss-web/open-notifikasi-menu-success" status="PASSED">
         <system-out><![CDATA[2020-09-07 00:22:46 - [TEST_CASE][PASSED] - Test Cases/evermoss-web/open-notifikasi-menu-success: Test Cases/evermoss-web/open-notifikasi-menu-success

2020-09-07 00:22:47 - [TEST_STEP][PASSED] - click(findTestObject("evermoss-web-object/Evermos - Katalog/notification")): Object: 'Object Repository/evermoss-web-object/Evermos - Katalog/notification' is clicked on

2020-09-07 00:22:47 - [MESSAGE][PASSED] - Object: 'Object Repository/evermoss-web-object/Evermos - Katalog/notification' is clicked on

2020-09-07 00:22:47 - [TEST_STEP][PASSED] - verifyElementPresent(findTestObject("evermoss-web-object/Evermos - Notivikasi/text-tekini-promo"), 0): Object 'Object Repository/evermoss-web-object/Evermos - Notivikasi/text-tekini-promo' is present

2020-09-07 00:22:47 - [MESSAGE][WARNING] - Timeout '0' is invalid. Using default page load timeout: '30'

2020-09-07 00:22:49 - [MESSAGE][PASSED] - Object 'Object Repository/evermoss-web-object/Evermos - Notivikasi/text-tekini-promo' is present

2020-09-07 00:22:49 - [TEST_STEP][PASSED] - click(findTestObject("evermoss-web-object/Evermos - Notivikasi/click-tekini-promo")): Object: 'Object Repository/evermoss-web-object/Evermos - Notivikasi/click-tekini-promo' is clicked on

2020-09-07 00:22:49 - [MESSAGE][PASSED] - Object: 'Object Repository/evermoss-web-object/Evermos - Notivikasi/click-tekini-promo' is clicked on

2020-09-07 00:22:49 - [TEST_STEP][PASSED] - verifyElementPresent(findTestObject("evermoss-web-object/Evermos - Notivikasi/text-Produk-tidak-ditemukan"), 0): Object 'Object Repository/evermoss-web-object/Evermos - Notivikasi/text-Produk-tidak-ditemukan' is present

2020-09-07 00:22:50 - [MESSAGE][WARNING] - Timeout '0' is invalid. Using default page load timeout: '30'

2020-09-07 00:22:54 - [MESSAGE][PASSED] - Object 'Object Repository/evermoss-web-object/Evermos - Notivikasi/text-Produk-tidak-ditemukan' is present

2020-09-07 00:22:54 - [TEST_STEP][PASSED] - click(findTestObject("evermoss-web-object/Evermos - Notivikasi/back notivication evermos")): Object: 'Object Repository/evermoss-web-object/Evermos - Notivikasi/back notivication evermos' is clicked on

2020-09-07 00:22:54 - [MESSAGE][PASSED] - Object: 'Object Repository/evermoss-web-object/Evermos - Notivikasi/back notivication evermos' is clicked on

2020-09-07 00:22:54 - [TEST_STEP][PASSED] - verifyElementPresent(findTestObject("evermoss-web-object/Evermos - Notivikasi/text-tekini-promo"), 0): Object 'Object Repository/evermoss-web-object/Evermos - Notivikasi/text-tekini-promo' is present

2020-09-07 00:22:54 - [MESSAGE][WARNING] - Timeout '0' is invalid. Using default page load timeout: '30'

2020-09-07 00:22:55 - [MESSAGE][PASSED] - Object 'Object Repository/evermoss-web-object/Evermos - Notivikasi/text-tekini-promo' is present

2020-09-07 00:22:55 - [TEST_STEP][PASSED] - click(findTestObject("evermoss-web-object/Evermos - Notivikasi/tab-Berikhtiar 99")): Object: 'Object Repository/evermoss-web-object/Evermos - Notivikasi/tab-Berikhtiar 99' is clicked on

2020-09-07 00:22:56 - [MESSAGE][PASSED] - Object: 'Object Repository/evermoss-web-object/Evermos - Notivikasi/tab-Berikhtiar 99' is clicked on

2020-09-07 00:22:56 - [TEST_STEP][PASSED] - verifyElementPresent(findTestObject("evermoss-web-object/Evermos - Notivikasi/text-Notifikasi-Toko-Berikhtiar"), 0): Object 'Object Repository/evermoss-web-object/Evermos - Notivikasi/text-Notifikasi-Toko-Berikhtiar' is present

2020-09-07 00:22:56 - [MESSAGE][WARNING] - Timeout '0' is invalid. Using default page load timeout: '30'

2020-09-07 00:22:57 - [MESSAGE][PASSED] - Object 'Object Repository/evermoss-web-object/Evermos - Notivikasi/text-Notifikasi-Toko-Berikhtiar' is present]]></system-out>
         <system-err><![CDATA[]]></system-err>
      </testcase>
      <testcase name="Test Cases/evermoss-web/main case/close-browser" time="0.512" classname="Test Cases/evermoss-web/main case/close-browser" status="PASSED">
         <system-out><![CDATA[2020-09-07 00:22:57 - [TEST_CASE][PASSED] - Test Cases/evermoss-web/main case/close-browser: Test Cases/evermoss-web/main case/close-browser

2020-09-07 00:22:57 - [TEST_STEP][PASSED] - closeBrowser(): Browser is closed

2020-09-07 00:22:57 - [MESSAGE][PASSED] - Browser is closed]]></system-out>
         <system-err><![CDATA[]]></system-err>
      </testcase>
      <system-out><![CDATA[2020-09-07 00:21:49 - [TEST_SUITE][PASSED] - login and notifikasi: Test Cases/evermoss-web/main case/close-browser]]></system-out>
      <system-err><![CDATA[]]></system-err>
   </testsuite>
</testsuites>
