<?xml version="1.0" encoding="UTF-8"?>
<testsuites name="login and done" time="28.375" tests="5" failures="0" errors="0">
   <testsuite name="login and done" tests="5" failures="0" errors="0" time="28.375" timestamp="2020-09-08 03:42:57" hostname="mbpretina-2014 - apples-mbp" id="Test Suites/evermos-berikhtiar-suite/login and done">
      <properties>
         <property name="deviceName" value=""/>
         <property name="devicePlatform" value=""/>
         <property name="logFolder" value="/Users/mbpretina-2014/Documents/Evermoss-Test/evermos-automation-test/Reports/20200908_034246/evermos-berikhtiar-suite/login and done/20200908_034246"/>
         <property name="logFiles" value="/Users/mbpretina-2014/Documents/Evermoss-Test/evermos-automation-test/Reports/20200908_034246/evermos-berikhtiar-suite/login and done/20200908_034246/execution0.log"/>
         <property name="attachments" value=""/>
         <property name="hostName" value="mbpretina-2014 - apples-mbp"/>
         <property name="os" value="Mac OS X 64bit"/>
         <property name="katalonVersion" value="7.6.6.205"/>
         <property name="browser" value="Chrome 85.0.4183.83"/>
         <property name="hostAddress" value="192.168.43.161"/>
         <property name="sessionId" value="9901c1a402c3192a31a2e08f419333e8"/>
         <property name="seleniumVersion" value="3.141.59"/>
         <property name="proxyInformation" value="ProxyInformation { proxyOption=NO_PROXY, proxyServerType=HTTP, username=, password=********, proxyServerAddress=, proxyServerPort=0, executionList=&quot;&quot;, isApplyToDesiredCapabilities=true }"/>
         <property name="platform" value="Mac OS X"/>
      </properties>
      <testcase name="Test Cases/berikhtiar-web/main case/open-browser" time="10.235" classname="Test Cases/berikhtiar-web/main case/open-browser" status="PASSED">
         <system-out><![CDATA[2020-09-08 03:42:57 - [TEST_CASE][PASSED] - Test Cases/berikhtiar-web/main case/open-browser: Test Cases/berikhtiar-web/main case/open-browser

2020-09-08 03:42:58 - [TEST_STEP][PASSED] - openBrowser(BerikhtiarUrl): Browser is opened with url: 'https://berikhtiar.com/qa.testing.1'

2020-09-08 03:42:59 - [MESSAGE][INFO] - Starting 'Chrome' driver

2020-09-08 03:42:59 - [MESSAGE][INFO] - Action delay is set to 0 milliseconds

2020-09-08 03:43:07 - [MESSAGE][PASSED] - Browser is opened with url: 'https://berikhtiar.com/qa.testing.1'

2020-09-08 03:43:07 - [TEST_STEP][PASSED] - maximizeWindow(): Current window maximized

2020-09-08 03:43:08 - [MESSAGE][PASSED] - Current window maximized]]></system-out>
         <system-err><![CDATA[]]></system-err>
      </testcase>
      <testcase name="Test Cases/berikhtiar-web/halman-berikhtiar-success" time="5.121" classname="Test Cases/berikhtiar-web/halman-berikhtiar-success" status="PASSED">
         <system-out><![CDATA[2020-09-08 03:43:08 - [TEST_CASE][PASSED] - Test Cases/berikhtiar-web/halman-berikhtiar-success: Test Cases/berikhtiar-web/halman-berikhtiar-success

2020-09-08 03:43:08 - [TEST_STEP][PASSED] - verifyElementPresent(findTestObject("berikhtiar-web-object/toko-image-produk"), 0): Object 'Object Repository/berikhtiar-web-object/toko-image-produk' is present

2020-09-08 03:43:08 - [MESSAGE][WARNING] - Timeout '0' is invalid. Using default page load timeout: '30'

2020-09-08 03:43:10 - [MESSAGE][PASSED] - Object 'Object Repository/berikhtiar-web-object/toko-image-produk' is present

2020-09-08 03:43:10 - [TEST_STEP][PASSED] - click(findTestObject("berikhtiar-web-object/toko-image-produk")): Object: 'Object Repository/berikhtiar-web-object/toko-image-produk' is clicked on

2020-09-08 03:43:11 - [MESSAGE][PASSED] - Object: 'Object Repository/berikhtiar-web-object/toko-image-produk' is clicked on

2020-09-08 03:43:11 - [TEST_STEP][PASSED] - verifyElementPresent(findTestObject("berikhtiar-web-object/toko-nama-produk"), 0): Object 'Object Repository/berikhtiar-web-object/toko-nama-produk' is present

2020-09-08 03:43:11 - [MESSAGE][WARNING] - Timeout '0' is invalid. Using default page load timeout: '30'

2020-09-08 03:43:12 - [MESSAGE][PASSED] - Object 'Object Repository/berikhtiar-web-object/toko-nama-produk' is present

2020-09-08 03:43:12 - [TEST_STEP][PASSED] - click(findTestObject("berikhtiar-web-object/toko-back-produk")): Object: 'Object Repository/berikhtiar-web-object/toko-back-produk' is clicked on

2020-09-08 03:43:13 - [MESSAGE][PASSED] - Object: 'Object Repository/berikhtiar-web-object/toko-back-produk' is clicked on]]></system-out>
         <system-err><![CDATA[]]></system-err>
      </testcase>
      <testcase name="Test Cases/berikhtiar-web/open-kategori-succes" time="3.22" classname="Test Cases/berikhtiar-web/open-kategori-succes" status="PASSED">
         <system-out><![CDATA[2020-09-08 03:43:13 - [TEST_CASE][PASSED] - Test Cases/berikhtiar-web/open-kategori-succes: Test Cases/berikhtiar-web/open-kategori-succes

2020-09-08 03:43:14 - [TEST_STEP][PASSED] - click(findTestObject("berikhtiar-web-object/kategori-menu")): Object: 'Object Repository/berikhtiar-web-object/kategori-menu' is clicked on

2020-09-08 03:43:14 - [MESSAGE][PASSED] - Object: 'Object Repository/berikhtiar-web-object/kategori-menu' is clicked on

2020-09-08 03:43:14 - [TEST_STEP][PASSED] - verifyElementPresent(findTestObject("berikhtiar-web-object/kategori-nama-produk"), 0): Object 'Object Repository/berikhtiar-web-object/kategori-nama-produk' is present

2020-09-08 03:43:14 - [MESSAGE][WARNING] - Timeout '0' is invalid. Using default page load timeout: '30'

2020-09-08 03:43:15 - [MESSAGE][PASSED] - Object 'Object Repository/berikhtiar-web-object/kategori-nama-produk' is present

2020-09-08 03:43:15 - [TEST_STEP][PASSED] - click(findTestObject("berikhtiar-web-object/kategori-nama-produk")): Object: 'Object Repository/berikhtiar-web-object/kategori-nama-produk' is clicked on

2020-09-08 03:43:15 - [MESSAGE][PASSED] - Object: 'Object Repository/berikhtiar-web-object/kategori-nama-produk' is clicked on

2020-09-08 03:43:15 - [TEST_STEP][PASSED] - verifyElementPresent(findTestObject("berikhtiar-web-object/a_Special Custom Nama PO Madani Speaker Quran 30 Juz Lampu Tidur LED"), 0): Object 'Object Repository/berikhtiar-web-object/a_Special Custom Nama PO Madani Speaker Quran 30 Juz Lampu Tidur LED' is present

2020-09-08 03:43:15 - [MESSAGE][WARNING] - Timeout '0' is invalid. Using default page load timeout: '30'

2020-09-08 03:43:16 - [MESSAGE][PASSED] - Object 'Object Repository/berikhtiar-web-object/a_Special Custom Nama PO Madani Speaker Quran 30 Juz Lampu Tidur LED' is present]]></system-out>
         <system-err><![CDATA[]]></system-err>
      </testcase>
      <testcase name="Test Cases/berikhtiar-web/open-akun-success" time="8.459" classname="Test Cases/berikhtiar-web/open-akun-success" status="PASSED">
         <system-out><![CDATA[2020-09-08 03:43:16 - [TEST_CASE][PASSED] - Test Cases/berikhtiar-web/open-akun-success: Test Cases/berikhtiar-web/open-akun-success

2020-09-08 03:43:16 - [TEST_STEP][PASSED] - verifyElementPresent(findTestObject("berikhtiar-web-object/menu-akun"), 0): Object 'Object Repository/berikhtiar-web-object/menu-akun' is present

2020-09-08 03:43:16 - [MESSAGE][WARNING] - Timeout '0' is invalid. Using default page load timeout: '30'

2020-09-08 03:43:17 - [MESSAGE][PASSED] - Object 'Object Repository/berikhtiar-web-object/menu-akun' is present

2020-09-08 03:43:17 - [TEST_STEP][PASSED] - click(findTestObject("berikhtiar-web-object/menu-akun")): Object: 'Object Repository/berikhtiar-web-object/menu-akun' is clicked on

2020-09-08 03:43:17 - [MESSAGE][PASSED] - Object: 'Object Repository/berikhtiar-web-object/menu-akun' is clicked on

2020-09-08 03:43:17 - [TEST_STEP][PASSED] - verifyElementPresent(findTestObject("berikhtiar-web-object/akun-text-Transaksi Saya"), 0): Object 'Object Repository/berikhtiar-web-object/akun-text-Transaksi Saya' is present

2020-09-08 03:43:17 - [MESSAGE][WARNING] - Timeout '0' is invalid. Using default page load timeout: '30'

2020-09-08 03:43:18 - [MESSAGE][PASSED] - Object 'Object Repository/berikhtiar-web-object/akun-text-Transaksi Saya' is present

2020-09-08 03:43:18 - [TEST_STEP][PASSED] - click(findTestObject("berikhtiar-web-object/akun-transaksi-saya")): Object: 'Object Repository/berikhtiar-web-object/akun-transaksi-saya' is clicked on

2020-09-08 03:43:18 - [MESSAGE][PASSED] - Object: 'Object Repository/berikhtiar-web-object/akun-transaksi-saya' is clicked on

2020-09-08 03:43:18 - [TEST_STEP][PASSED] - verifyElementPresent(findTestObject("berikhtiar-web-object/akun-Belum Dibayar"), 0): Object 'Object Repository/berikhtiar-web-object/akun-Belum Dibayar' is present

2020-09-08 03:43:18 - [MESSAGE][WARNING] - Timeout '0' is invalid. Using default page load timeout: '30'

2020-09-08 03:43:19 - [MESSAGE][PASSED] - Object 'Object Repository/berikhtiar-web-object/akun-Belum Dibayar' is present

2020-09-08 03:43:19 - [TEST_STEP][PASSED] - click(findTestObject("berikhtiar-web-object/akun-back-belum-bayar")): Object: 'Object Repository/berikhtiar-web-object/akun-back-belum-bayar' is clicked on

2020-09-08 03:43:19 - [MESSAGE][PASSED] - Object: 'Object Repository/berikhtiar-web-object/akun-back-belum-bayar' is clicked on

2020-09-08 03:43:19 - [TEST_STEP][PASSED] - verifyElementPresent(findTestObject("berikhtiar-web-object/akun-text-daftar-alamat"), 0): Object 'Object Repository/berikhtiar-web-object/akun-text-daftar-alamat' is present

2020-09-08 03:43:20 - [MESSAGE][WARNING] - Timeout '0' is invalid. Using default page load timeout: '30'

2020-09-08 03:43:20 - [MESSAGE][PASSED] - Object 'Object Repository/berikhtiar-web-object/akun-text-daftar-alamat' is present

2020-09-08 03:43:20 - [TEST_STEP][PASSED] - click(findTestObject("berikhtiar-web-object/akun-button-daftar-alamat")): Object: 'Object Repository/berikhtiar-web-object/akun-button-daftar-alamat' is clicked on

2020-09-08 03:43:21 - [MESSAGE][PASSED] - Object: 'Object Repository/berikhtiar-web-object/akun-button-daftar-alamat' is clicked on

2020-09-08 03:43:21 - [TEST_STEP][PASSED] - verifyElementPresent(findTestObject("berikhtiar-web-object/akun-text-search-box"), 0): Object 'Object Repository/berikhtiar-web-object/akun-text-search-box' is present

2020-09-08 03:43:21 - [MESSAGE][WARNING] - Timeout '0' is invalid. Using default page load timeout: '30'

2020-09-08 03:43:21 - [MESSAGE][PASSED] - Object 'Object Repository/berikhtiar-web-object/akun-text-search-box' is present

2020-09-08 03:43:21 - [TEST_STEP][PASSED] - click(findTestObject("berikhtiar-web-object/akun-back-daftar-alamat")): Object: 'Object Repository/berikhtiar-web-object/akun-back-daftar-alamat' is clicked on

2020-09-08 03:43:22 - [MESSAGE][PASSED] - Object: 'Object Repository/berikhtiar-web-object/akun-back-daftar-alamat' is clicked on

2020-09-08 03:43:22 - [TEST_STEP][PASSED] - click(findTestObject("berikhtiar-web-object/akun-keranjang")): Object: 'Object Repository/berikhtiar-web-object/akun-keranjang' is clicked on

2020-09-08 03:43:23 - [MESSAGE][PASSED] - Object: 'Object Repository/berikhtiar-web-object/akun-keranjang' is clicked on

2020-09-08 03:43:23 - [TEST_STEP][PASSED] - verifyElementPresent(findTestObject("berikhtiar-web-object/akun-belanja-kosong"), 0): Object 'Object Repository/berikhtiar-web-object/akun-belanja-kosong' is present

2020-09-08 03:43:23 - [MESSAGE][WARNING] - Timeout '0' is invalid. Using default page load timeout: '30'

2020-09-08 03:43:23 - [MESSAGE][PASSED] - Object 'Object Repository/berikhtiar-web-object/akun-belanja-kosong' is present

2020-09-08 03:43:23 - [TEST_STEP][PASSED] - click(findTestObject("berikhtiar-web-object/akun-back-keranjang-2")): Object: 'Object Repository/berikhtiar-web-object/akun-back-keranjang-2' is clicked on

2020-09-08 03:43:24 - [MESSAGE][PASSED] - Object: 'Object Repository/berikhtiar-web-object/akun-back-keranjang-2' is clicked on

2020-09-08 03:43:24 - [TEST_STEP][PASSED] - click(findTestObject("berikhtiar-web-object/akun-back-saya")): Object: 'Object Repository/berikhtiar-web-object/akun-back-saya' is clicked on

2020-09-08 03:43:25 - [MESSAGE][PASSED] - Object: 'Object Repository/berikhtiar-web-object/akun-back-saya' is clicked on]]></system-out>
         <system-err><![CDATA[]]></system-err>
      </testcase>
      <testcase name="Test Cases/berikhtiar-web/main case/close-browser" time="0.474" classname="Test Cases/berikhtiar-web/main case/close-browser" status="PASSED">
         <system-out><![CDATA[2020-09-08 03:43:25 - [TEST_CASE][PASSED] - Test Cases/berikhtiar-web/main case/close-browser: Test Cases/berikhtiar-web/main case/close-browser

2020-09-08 03:43:25 - [TEST_STEP][PASSED] - closeBrowser(): Browser is closed

2020-09-08 03:43:25 - [MESSAGE][PASSED] - Browser is closed]]></system-out>
         <system-err><![CDATA[]]></system-err>
      </testcase>
      <system-out><![CDATA[2020-09-08 03:42:57 - [TEST_SUITE][PASSED] - login and done: Test Cases/berikhtiar-web/main case/close-browser]]></system-out>
      <system-err><![CDATA[]]></system-err>
   </testsuite>
</testsuites>
