<?xml version="1.0" encoding="UTF-8"?>
<testsuites name="login and keranjang" time="39.253" tests="4" failures="0" errors="0">
   <testsuite name="login and keranjang" tests="4" failures="0" errors="0" time="39.253" timestamp="2020-09-07 00:39:19" hostname="mbpretina-2014 - apples-mbp" id="Test Suites/evermos-web-suite/login and keranjang">
      <properties>
         <property name="deviceName" value=""/>
         <property name="devicePlatform" value=""/>
         <property name="logFolder" value="/Users/mbpretina-2014/Documents/Evermoss-Test/evermoss-automation-test/Reports/20200907_003909/evermos-web-suite/login and keranjang/20200907_003909"/>
         <property name="logFiles" value="/Users/mbpretina-2014/Documents/Evermoss-Test/evermoss-automation-test/Reports/20200907_003909/evermos-web-suite/login and keranjang/20200907_003909/execution0.log"/>
         <property name="attachments" value=""/>
         <property name="hostName" value="mbpretina-2014 - apples-mbp"/>
         <property name="os" value="Mac OS X 64bit"/>
         <property name="katalonVersion" value="7.6.6.205"/>
         <property name="browser" value="Chrome 77.0.3865.90"/>
         <property name="hostAddress" value="192.168.43.161"/>
         <property name="sessionId" value="7bbff193c9cd04323340d12254d0d903"/>
         <property name="seleniumVersion" value="3.141.59"/>
         <property name="proxyInformation" value="ProxyInformation { proxyOption=NO_PROXY, proxyServerType=HTTP, username=, password=********, proxyServerAddress=, proxyServerPort=0, executionList=&quot;&quot;, isApplyToDesiredCapabilities=true }"/>
         <property name="platform" value="Mac OS X"/>
      </properties>
      <testcase name="Test Cases/evermoss-web/main case/open-browser" time="12.187" classname="Test Cases/evermoss-web/main case/open-browser" status="PASSED">
         <system-out><![CDATA[2020-09-07 00:39:20 - [TEST_CASE][PASSED] - Test Cases/evermoss-web/main case/open-browser: Test Cases/evermoss-web/main case/open-browser

2020-09-07 00:39:21 - [TEST_STEP][PASSED] - openBrowser(EvermosUrl): Browser is opened with url: 'https://evermos.com/'

2020-09-07 00:39:22 - [MESSAGE][INFO] - Starting 'Chrome' driver

2020-09-07 00:39:22 - [MESSAGE][INFO] - Action delay is set to 0 milliseconds

2020-09-07 00:39:32 - [MESSAGE][PASSED] - Browser is opened with url: 'https://evermos.com/'

2020-09-07 00:39:32 - [TEST_STEP][PASSED] - maximizeWindow(): Current window maximized

2020-09-07 00:39:32 - [MESSAGE][PASSED] - Current window maximized]]></system-out>
         <system-err><![CDATA[]]></system-err>
      </testcase>
      <testcase name="Test Cases/evermoss-web/login-evermos-success-case" time="19.973" classname="Test Cases/evermoss-web/login-evermos-success-case" status="PASSED">
         <system-out><![CDATA[2020-09-07 00:39:32 - [TEST_CASE][PASSED] - Test Cases/evermoss-web/login-evermos-success-case: Test Cases/evermoss-web/login-evermos-success-case

2020-09-07 00:39:33 - [TEST_STEP][PASSED] - verifyElementPresent(findTestObject("evermoss-web-object/Home page/landing-page-text"), 0): Object 'Object Repository/evermoss-web-object/Home page/landing-page-text' is present

2020-09-07 00:39:33 - [MESSAGE][WARNING] - Timeout '0' is invalid. Using default page load timeout: '30'

2020-09-07 00:39:35 - [MESSAGE][PASSED] - Object 'Object Repository/evermoss-web-object/Home page/landing-page-text' is present

2020-09-07 00:39:35 - [TEST_STEP][PASSED] - click(findTestObject("evermoss-web-object/Home page/button-masuk")): Object: 'Object Repository/evermoss-web-object/Home page/button-masuk' is clicked on

2020-09-07 00:39:36 - [MESSAGE][PASSED] - Object: 'Object Repository/evermoss-web-object/Home page/button-masuk' is clicked on

2020-09-07 00:39:36 - [TEST_STEP][PASSED] - verifyElementPresent(findTestObject("evermoss-web-object/Login Page/ayo-masuk-text"), 0): Object 'Object Repository/evermoss-web-object/Login Page/ayo-masuk-text' is present

2020-09-07 00:39:36 - [MESSAGE][WARNING] - Timeout '0' is invalid. Using default page load timeout: '30'

2020-09-07 00:39:37 - [MESSAGE][PASSED] - Object 'Object Repository/evermoss-web-object/Login Page/ayo-masuk-text' is present

2020-09-07 00:39:37 - [TEST_STEP][PASSED] - click(findTestObject("evermoss-web-object/Login Page/label-no-tlp")): Object: 'Object Repository/evermoss-web-object/Login Page/label-no-tlp' is clicked on

2020-09-07 00:39:37 - [MESSAGE][PASSED] - Object: 'Object Repository/evermoss-web-object/Login Page/label-no-tlp' is clicked on

2020-09-07 00:39:37 - [TEST_STEP][PASSED] - sendKeys(findTestObject("evermoss-web-object/Login Page/number-telepon"), EvermosPhoneNumber): Keys '12233344445555' sent to object: 'Object Repository/evermoss-web-object/Login Page/number-telepon'

2020-09-07 00:39:38 - [MESSAGE][PASSED] - Keys '12233344445555' sent to object: 'Object Repository/evermoss-web-object/Login Page/number-telepon'

2020-09-07 00:39:38 - [TEST_STEP][PASSED] - click(findTestObject("evermoss-web-object/Login Page/label-kata-sandi")): Object: 'Object Repository/evermoss-web-object/Login Page/label-kata-sandi' is clicked on

2020-09-07 00:39:38 - [MESSAGE][PASSED] - Object: 'Object Repository/evermoss-web-object/Login Page/label-kata-sandi' is clicked on

2020-09-07 00:39:38 - [TEST_STEP][PASSED] - sendKeys(findTestObject("evermoss-web-object/Login Page/kata-sandi"), EvermosPassword): Keys 'password' sent to object: 'Object Repository/evermoss-web-object/Login Page/kata-sandi'

2020-09-07 00:39:38 - [MESSAGE][PASSED] - Keys 'password' sent to object: 'Object Repository/evermoss-web-object/Login Page/kata-sandi'

2020-09-07 00:39:38 - [TEST_STEP][PASSED] - click(findTestObject("evermoss-web-object/Login Page/button-masuk")): Object: 'Object Repository/evermoss-web-object/Login Page/button-masuk' is clicked on

2020-09-07 00:39:39 - [MESSAGE][PASSED] - Object: 'Object Repository/evermoss-web-object/Login Page/button-masuk' is clicked on

2020-09-07 00:39:39 - [TEST_STEP][PASSED] - click(findTestObject("evermoss-web-object/Evermos - Katalog/offering Mau button")): Object: 'Object Repository/evermoss-web-object/Evermos - Katalog/offering Mau button' is clicked on

2020-09-07 00:39:52 - [MESSAGE][PASSED] - Object: 'Object Repository/evermoss-web-object/Evermos - Katalog/offering Mau button' is clicked on]]></system-out>
         <system-err><![CDATA[]]></system-err>
      </testcase>
      <testcase name="Test Cases/evermoss-web/open-keanjang-sucsess" time="5.869" classname="Test Cases/evermoss-web/open-keanjang-sucsess" status="PASSED">
         <system-out><![CDATA[2020-09-07 00:39:52 - [TEST_CASE][PASSED] - Test Cases/evermoss-web/open-keanjang-sucsess: Test Cases/evermoss-web/open-keanjang-sucsess

2020-09-07 00:39:53 - [TEST_STEP][PASSED] - click(findTestObject("evermoss-web-object/Evermos - Katalog/keranjang")): Object: 'Object Repository/evermoss-web-object/Evermos - Katalog/keranjang' is clicked on

2020-09-07 00:39:53 - [MESSAGE][PASSED] - Object: 'Object Repository/evermoss-web-object/Evermos - Katalog/keranjang' is clicked on

2020-09-07 00:39:53 - [TEST_STEP][PASSED] - verifyElementPresent(findTestObject("evermoss-web-object/Page - Keranjang/p_Keranjang belanja masih kosong"), 0): Object 'Object Repository/evermoss-web-object/Page - Keranjang/p_Keranjang belanja masih kosong' is present

2020-09-07 00:39:53 - [MESSAGE][WARNING] - Timeout '0' is invalid. Using default page load timeout: '30'

2020-09-07 00:39:55 - [MESSAGE][PASSED] - Object 'Object Repository/evermoss-web-object/Page - Keranjang/p_Keranjang belanja masih kosong' is present

2020-09-07 00:39:55 - [TEST_STEP][PASSED] - click(findTestObject("evermoss-web-object/Page - Keranjang/a_Mulai Belanja")): Object: 'Object Repository/evermoss-web-object/Page - Keranjang/a_Mulai Belanja' is clicked on

2020-09-07 00:39:56 - [MESSAGE][PASSED] - Object: 'Object Repository/evermoss-web-object/Page - Keranjang/a_Mulai Belanja' is clicked on

2020-09-07 00:39:56 - [TEST_STEP][PASSED] - verifyElementPresent(findTestObject("evermoss-web-object/Evermos - Katalog/text KATEGORI POPULER"), 0): Object 'Object Repository/evermoss-web-object/Evermos - Katalog/text KATEGORI POPULER' is present

2020-09-07 00:39:56 - [MESSAGE][WARNING] - Timeout '0' is invalid. Using default page load timeout: '30'

2020-09-07 00:39:58 - [MESSAGE][PASSED] - Object 'Object Repository/evermoss-web-object/Evermos - Katalog/text KATEGORI POPULER' is present]]></system-out>
         <system-err><![CDATA[]]></system-err>
      </testcase>
      <testcase name="Test Cases/evermoss-web/main case/close-browser" time="0.456" classname="Test Cases/evermoss-web/main case/close-browser" status="PASSED">
         <system-out><![CDATA[2020-09-07 00:39:58 - [TEST_CASE][PASSED] - Test Cases/evermoss-web/main case/close-browser: Test Cases/evermoss-web/main case/close-browser

2020-09-07 00:39:58 - [TEST_STEP][PASSED] - closeBrowser(): Browser is closed

2020-09-07 00:39:58 - [MESSAGE][PASSED] - Browser is closed]]></system-out>
         <system-err><![CDATA[]]></system-err>
      </testcase>
      <system-out><![CDATA[2020-09-07 00:39:19 - [TEST_SUITE][PASSED] - login and keranjang: Test Cases/evermoss-web/main case/close-browser]]></system-out>
      <system-err><![CDATA[]]></system-err>
   </testsuite>
</testsuites>
